#
# A fatal error has been detected by the Java Runtime Environment:
#
#  SIGSEGV (0xb) at pc=0x00007fff8bf5eb73, pid=11949, tid=51971
#
# JRE version: Java(TM) SE Runtime Environment (8.0_60-b27) (build 1.8.0_60-b27)
# Java VM: Java HotSpot(TM) 64-Bit Server VM (25.60-b23 mixed mode bsd-amd64 compressed oops)
# Problematic frame:
# C  [libobjc.A.dylib+0x9b73]  weak_register_no_lock+0x40
#
# Failed to write core dump. Core dumps have been disabled. To enable core dumping, try "ulimit -c unlimited" before starting Java again
#
# If you would like to submit a bug report, please visit:
#   http://bugreport.java.com/bugreport/crash.jsp
# The crash happened outside the Java Virtual Machine in native code.
# See problematic frame for where to report the bug.
#

---------------  T H R E A D  ---------------

Current thread (0x00007fbbf2a99800):  JavaThread "AWT-EventQueue-0" [_thread_in_native, id=51971, stack(0x0000000122e00000,0x0000000122f00000)]

siginfo: si_signo: 11 (SIGSEGV), si_code: 0 (unknown), si_addr: 0x0000000000000000

Registers:
RAX=0x9000000000000000, RBX=0x00007fbbf3eed040, RCX=0x000000000000cb03, RDX=0x00007fbbf5c25758
RSP=0x0000000122ef86b0, RBP=0x0000000122ef8710, RSI=0x00007fbbf3eed040, RDI=0x00007fff73cc64a8
R8 =0x000000000000007f, R9 =0x00007fbbf3eed040, R10=0x00007fbbf3395810, R11=0x0000000000000002
R12=0x00007fff740e1070, R13=0x00007fff73cc4e80, R14=0x00007fff73cc64a8, R15=0x00007fbbf5c25758
RIP=0x00007fff8bf5eb73, EFLAGS=0x0000000000010246, ERR=0x0000000000000000
  TRAPNO=0x000000000000000d

Top of Stack: (sp=0x0000000122ef86b0)
0x0000000122ef86b0:   401c000000000000 4022000000000000
0x0000000122ef86c0:   0000000000000000 401c000000000000
0x0000000122ef86d0:   4022000000000000 0000000000000000
0x0000000122ef86e0:   0b00a8c17b3346a0 00007fff73cc4e80
0x0000000122ef86f0:   0000000000000000 00007fff73cc4e80
0x0000000122ef8700:   00007fbbf5c25758 00007fff73cc6480
0x0000000122ef8710:   0000000122ef8770 00007fff8bf5eac7
0x0000000122ef8720:   0000000000001610 00007fbbf3eed040
0x0000000122ef8730:   0000000000001600 00007fbbf5c25758
0x0000000122ef8740:   0000000000000000 0000000000000000
0x0000000122ef8750:   0000000000000000 0000002500000026
0x0000000122ef8760:   00007fbbf3eed040 00007fbbf5c25720
0x0000000122ef8770:   0000000122ef8850 00007fff8b71983a
0x0000000122ef8780:   0000000000001003 0000000102d37800
0x0000000122ef8790:   401c000000000000 0000000000000080
0x0000000122ef87a0:   00000000233145d8 0000000102d32000
0x0000000122ef87b0:   0000000000000001 0000001c0000001f
0x0000000122ef87c0:   0000000000000025 00007fbbf5c257c0
0x0000000122ef87d0:   0000000000000026 0000000000000000
0x0000000122ef87e0:   00007fbbf5c24030 00007fff73567570
0x0000000122ef87f0:   0000000000000000 0000000000000000
0x0000000122ef8800:   401c000000000000 4022000000000000
0x0000000122ef8810:   0000000102d62000 0000000000000080
0x0000000122ef8820:   0b00a8c17b3346a0 0000000000000000
0x0000000122ef8830:   0000000122efa860 0000000000000000
0x0000000122ef8840:   0000000000000000 00007fff7352ab48
0x0000000122ef8850:   0000000122ef89f0 00007fff897da30e
0x0000000122ef8860:   0000000000000000 0000000000000000
0x0000000122ef8870:   401c000000000000 4022000000000000
0x0000000122ef8880:   0000000102d35a00 0000000000000000
0x0000000122ef8890:   0000000102d32000 0000000000000000
0x0000000122ef88a0:   0000000000000009 0000000102d37800 

Instructions: (pc=0x00007fff8bf5eb73)
0x00007fff8bf5eb53:   e7 49 8b 04 24 48 89 45 d0 31 c0 48 85 db 0f 84
0x00007fff8bf5eb63:   e0 00 00 00 f6 c3 01 0f 85 d4 00 00 00 48 8b 03
0x00007fff8bf5eb73:   f6 40 20 02 74 11 48 89 df e8 21 7a 01 00 84 c0
0x00007fff8bf5eb83:   74 3b e9 db 00 00 00 4c 8d 2d b7 4f d6 e7 49 8b 

Register to memory mapping:

RAX=0x9000000000000000 is an unknown value
RBX=0x00007fbbf3eed040 is an unknown value
RCX=0x000000000000cb03 is an unknown value
RDX=0x00007fbbf5c25758 is an unknown value
RSP=0x0000000122ef86b0 is pointing into the stack for thread: 0x00007fbbf2a99800
RBP=0x0000000122ef8710 is pointing into the stack for thread: 0x00007fbbf2a99800
RSI=0x00007fbbf3eed040 is an unknown value
RDI=0x00007fff73cc64a8: _ZN12_GLOBAL__N_19SideTable9table_bufE+0x1628 in /usr/lib/libobjc.A.dylib at 0x00007fff8bf55000
R8 =0x000000000000007f is an unknown value
R9 =0x00007fbbf3eed040 is an unknown value
R10=0x00007fbbf3395810 is an unknown value
R11=0x0000000000000002 is an unknown value
R12=0x00007fff740e1070: __stack_chk_guard+0 in /usr/lib/system/libsystem_c.dylib at 0x00007fff8eebc000
R13=0x00007fff73cc4e80: _ZN12_GLOBAL__N_19SideTable9table_bufE+0 in /usr/lib/libobjc.A.dylib at 0x00007fff8bf55000
R14=0x00007fff73cc64a8: _ZN12_GLOBAL__N_19SideTable9table_bufE+0x1628 in /usr/lib/libobjc.A.dylib at 0x00007fff8bf55000
R15=0x00007fbbf5c25758 is an unknown value


Stack: [0x0000000122e00000,0x0000000122f00000],  sp=0x0000000122ef86b0,  free space=993k
Native frames: (J=compiled Java code, j=interpreted, Vv=VM code, C=native code)
C  [libobjc.A.dylib+0x9b73]  weak_register_no_lock+0x40
C  [libobjc.A.dylib+0x9ac7]  objc_storeWeak+0xe9
C  [CoreUI+0xb683a]  csiCompressImageProviderCopyImageBlockSetWithOptions+0x3f0
C  [CoreGraphics+0x3530e]  img_blocks_create+0x1c0
C  [CoreGraphics+0x24275]  img_data_lock+0x750
C  [CoreGraphics+0x22b9e]  CGSImageDataLock+0x97
C  [libRIP.A.dylib+0xda02]  ripc_AcquireImage+0x38a
C  [libRIP.A.dylib+0x16e67]  ripc_DrawImages+0x1be5
C  [CoreGraphics+0x6b2cb]  CGContextDrawImages+0xc0
C  [CoreUI+0x9b345]  DrawNinePartImageWithOperation+0x153d
C  [CoreUI+0x99de8]  DrawNinePartElementFromRenditionWithOperation+0x1d7
C  [CoreUI+0xa0c67]  -[CUIThemeFacet _drawSpecificRenditionKey:rendition:inFrame:context:alpha:operation:isFocused:isFlipped:]+0x2be
C  [CoreUI+0xa08bb]  -[CUIThemeFacet _drawSpecificRenditionKey:inFrame:context:isFocused:isFlipped:]+0xa3
C  [CoreUI+0x9ec98]  -[CUIThemeFacet drawInFrame:isFocused:context:]+0x89
C  [CoreUI+0xedda]  CUICoreThemeRenderer::DrawSimple(CUIRenditionKey*, CUIDescriptor const*, signed char)+0x232
C  [CoreUI+0x35d6f]  CUICoreThemeRenderer::Draw(CUIDescriptor const*, CGAffineTransform, CUIReturnInfo&)+0x5b
C  [CoreUI+0x9391]  CUIRenderer::Draw(CGRect, CGContext*, __CFDictionary const*, __CFDictionary const**)+0x8e3
C  [CoreUI+0x45d6e]  CUIDraw+0xd9
C  [JavaRuntimeSupport+0x3cec]  -[_JRSYosemiteAndLaterRenderer draw:inContext:withBounds:]+0x144
C  [JavaRuntimeSupport+0x3866]  JRSUIControlDraw+0x3d
C  [libosxui.dylib+0x2628]  doPaintImage+0x15e
C  [libosxui.dylib+0x279c]  Java_apple_laf_JRSUIControl_paintImage+0x27
j  apple.laf.JRSUIControl.paintImage([IIIJJJDDDD)I+0
j  apple.laf.JRSUIControl.paintImage([IIIDDDD)I+33
j  apple.laf.JRSUIControl.paint([IIIDDDD)V+12
j  com.apple.laf.AquaPainter$AquaSingleImagePainter.createImage(IIIILjava/awt/Rectangle;Lapple/laf/JRSUIControl;Lapple/laf/JRSUIState;)Ljava/awt/Image;+74
j  com.apple.laf.AquaPainter$AquaSingleImagePainter.lambda$paintFromSingleCachedImage$279(IILjava/awt/Rectangle;Lapple/laf/JRSUIControl;Lapple/laf/JRSUIState;Ljava/lang/Integer;Ljava/lang/Integer;)Ljava/awt/Image;+16
j  com.apple.laf.AquaPainter$AquaSingleImagePainter$$Lambda$11.apply(Ljava/lang/Object;Ljava/lang/Object;)Ljava/lang/Object;+28
j  sun.awt.image.MultiResolutionCachedImage.getResolutionVariant(II)Ljava/awt/Image;+41
j  sun.awt.image.MultiResolutionCachedImage.getBaseImage()Ljava/awt/Image;+9
j  sun.awt.image.AbstractMultiResolutionImage.getWidth(Ljava/awt/image/ImageObserver;)I+1
j  sun.awt.image.MultiResolutionCachedImage.getWidth(Ljava/awt/image/ImageObserver;)I+8
j  sun.java2d.SunGraphics2D.drawImage(Ljava/awt/Image;IIIILjava/awt/Color;Ljava/awt/image/ImageObserver;)Z+20
j  sun.java2d.SunGraphics2D.drawImage(Ljava/awt/Image;IIIILjava/awt/image/ImageObserver;)Z+11
j  com.apple.laf.AquaPainter$AquaSingleImagePainter.paintFromSingleCachedImage(Ljava/awt/Graphics2D;Lapple/laf/JRSUIControl;Lapple/laf/JRSUIState;Ljava/awt/Rectangle;)V+169
j  com.apple.laf.AquaPainter$AquaSingleImagePainter.paint(Ljava/awt/Graphics2D;Lapple/laf/JRSUIState;)V+10
j  com.apple.laf.AquaPainter.paint(Ljava/awt/Graphics;Ljava/awt/Component;IIII)V+40
j  com.apple.laf.AquaButtonBorder.doButtonPaint(Ljavax/swing/AbstractButton;Ljavax/swing/ButtonModel;Ljava/awt/Graphics;IIII)V+14
j  com.apple.laf.AquaButtonBorder$Dynamic.doButtonPaint(Ljavax/swing/AbstractButton;Ljavax/swing/ButtonModel;Ljava/awt/Graphics;IIII)V+101
j  com.apple.laf.AquaButtonBorder.paintButton(Ljava/awt/Component;Ljava/awt/Graphics;IIII)V+159
j  com.apple.laf.AquaButtonUI.paint(Ljava/awt/Graphics;Ljavax/swing/JComponent;)V+149
j  javax.swing.plaf.ComponentUI.update(Ljava/awt/Graphics;Ljavax/swing/JComponent;)V+32
j  javax.swing.JComponent.paintComponent(Ljava/awt/Graphics;)V+26
j  javax.swing.JComponent.paint(Ljava/awt/Graphics;)V+286
j  javax.swing.JComponent.paintChildren(Ljava/awt/Graphics;)V+501
j  javax.swing.JComponent.paint(Ljava/awt/Graphics;)V+318
j  javax.swing.JComponent.paintToOffscreen(Ljava/awt/Graphics;IIIIII)V+41
j  javax.swing.RepaintManager$PaintManager.paintDoubleBuffered(Ljavax/swing/JComponent;Ljava/awt/Image;Ljava/awt/Graphics;IIII)V+163
j  javax.swing.RepaintManager$PaintManager.paint(Ljavax/swing/JComponent;Ljavax/swing/JComponent;Ljava/awt/Graphics;IIII)Z+116
j  javax.swing.RepaintManager.paint(Ljavax/swing/JComponent;Ljavax/swing/JComponent;Ljava/awt/Graphics;IIII)V+51
j  javax.swing.JComponent._paintImmediately(IIII)V+683
j  javax.swing.JComponent.paintImmediately(IIII)V+138
j  javax.swing.RepaintManager$4.run()Ljava/lang/Void;+81
j  javax.swing.RepaintManager$4.run()Ljava/lang/Object;+1
v  ~StubRoutines::call_stub
V  [libjvm.dylib+0x2eab0e]  JavaCalls::call_helper(JavaValue*, methodHandle*, JavaCallArguments*, Thread*)+0x6ae
V  [libjvm.dylib+0x34afd8]  JVM_DoPrivileged+0x4b8
J 602  java.security.AccessController.doPrivileged(Ljava/security/PrivilegedAction;Ljava/security/AccessControlContext;)Ljava/lang/Object; (0 bytes) @ 0x0000000104a57a55 [0x0000000104a57980+0xd5]
J 712 C1 java.security.ProtectionDomain$JavaSecurityAccessImpl.doIntersectionPrivilege(Ljava/security/PrivilegedAction;Ljava/security/AccessControlContext;Ljava/security/AccessControlContext;)Ljava/lang/Object; (22 bytes) @ 0x0000000104a8ee1c [0x0000000104a8e9a0+0x47c]
j  javax.swing.RepaintManager.paintDirtyRegions(Ljava/util/Map;)V+154
j  javax.swing.RepaintManager.paintDirtyRegions()V+46
j  javax.swing.RepaintManager.prePaintDirtyRegions()V+73
j  javax.swing.RepaintManager.access$1200(Ljavax/swing/RepaintManager;)V+1
j  javax.swing.RepaintManager$ProcessingRunnable.run()V+37
j  java.awt.event.InvocationEvent.dispatch()V+47
j  java.awt.EventQueue.dispatchEventImpl(Ljava/awt/AWTEvent;Ljava/lang/Object;)V+21
j  java.awt.EventQueue.access$500(Ljava/awt/EventQueue;Ljava/awt/AWTEvent;Ljava/lang/Object;)V+3
j  java.awt.EventQueue$3.run()Ljava/lang/Void;+32
j  java.awt.EventQueue$3.run()Ljava/lang/Object;+1
v  ~StubRoutines::call_stub
V  [libjvm.dylib+0x2eab0e]  JavaCalls::call_helper(JavaValue*, methodHandle*, JavaCallArguments*, Thread*)+0x6ae
V  [libjvm.dylib+0x34afd8]  JVM_DoPrivileged+0x4b8
J 602  java.security.AccessController.doPrivileged(Ljava/security/PrivilegedAction;Ljava/security/AccessControlContext;)Ljava/lang/Object; (0 bytes) @ 0x0000000104a57a55 [0x0000000104a57980+0xd5]
J 791 C1 java.awt.EventQueue.dispatchEvent(Ljava/awt/AWTEvent;)V (80 bytes) @ 0x0000000104ab54ac [0x0000000104ab4b00+0x9ac]
J 793 C1 java.awt.EventDispatchThread.pumpOneEventForFilters(I)V (295 bytes) @ 0x0000000104ab873c [0x0000000104ab6bc0+0x1b7c]
j  java.awt.EventDispatchThread.pumpEventsForFilter(ILjava/awt/Conditional;Ljava/awt/EventFilter;)V+35
j  java.awt.EventDispatchThread.pumpEventsForHierarchy(ILjava/awt/Conditional;Ljava/awt/Component;)V+11
j  java.awt.EventDispatchThread.pumpEvents(ILjava/awt/Conditional;)V+4
j  java.awt.EventDispatchThread.pumpEvents(Ljava/awt/Conditional;)V+3
j  java.awt.EventDispatchThread.run()V+9
v  ~StubRoutines::call_stub
V  [libjvm.dylib+0x2eab0e]  JavaCalls::call_helper(JavaValue*, methodHandle*, JavaCallArguments*, Thread*)+0x6ae
V  [libjvm.dylib+0x2eb29c]  JavaCalls::call_virtual(JavaValue*, KlassHandle, Symbol*, Symbol*, JavaCallArguments*, Thread*)+0x164
V  [libjvm.dylib+0x2eb448]  JavaCalls::call_virtual(JavaValue*, Handle, KlassHandle, Symbol*, Symbol*, Thread*)+0x4a
V  [libjvm.dylib+0x345965]  thread_entry(JavaThread*, Thread*)+0x7c
V  [libjvm.dylib+0x5612d3]  JavaThread::thread_main_inner()+0x9b
V  [libjvm.dylib+0x5629ce]  JavaThread::run()+0x1c2
V  [libjvm.dylib+0x48343a]  java_start(Thread*)+0xf6
C  [libsystem_pthread.dylib+0x405a]  _pthread_body+0x83
C  [libsystem_pthread.dylib+0x3fd7]  _pthread_body+0x0
C  [libsystem_pthread.dylib+0x13ed]  thread_start+0xd
C  0x0000000000000000

Java frames: (J=compiled Java code, j=interpreted, Vv=VM code)
j  apple.laf.JRSUIControl.paintImage([IIIJJJDDDD)I+0
j  apple.laf.JRSUIControl.paintImage([IIIDDDD)I+33
j  apple.laf.JRSUIControl.paint([IIIDDDD)V+12
j  com.apple.laf.AquaPainter$AquaSingleImagePainter.createImage(IIIILjava/awt/Rectangle;Lapple/laf/JRSUIControl;Lapple/laf/JRSUIState;)Ljava/awt/Image;+74
j  com.apple.laf.AquaPainter$AquaSingleImagePainter.lambda$paintFromSingleCachedImage$279(IILjava/awt/Rectangle;Lapple/laf/JRSUIControl;Lapple/laf/JRSUIState;Ljava/lang/Integer;Ljava/lang/Integer;)Ljava/awt/Image;+16
j  com.apple.laf.AquaPainter$AquaSingleImagePainter$$Lambda$11.apply(Ljava/lang/Object;Ljava/lang/Object;)Ljava/lang/Object;+28
j  sun.awt.image.MultiResolutionCachedImage.getResolutionVariant(II)Ljava/awt/Image;+41
j  sun.awt.image.MultiResolutionCachedImage.getBaseImage()Ljava/awt/Image;+9
j  sun.awt.image.AbstractMultiResolutionImage.getWidth(Ljava/awt/image/ImageObserver;)I+1
j  sun.awt.image.MultiResolutionCachedImage.getWidth(Ljava/awt/image/ImageObserver;)I+8
j  sun.java2d.SunGraphics2D.drawImage(Ljava/awt/Image;IIIILjava/awt/Color;Ljava/awt/image/ImageObserver;)Z+20
j  sun.java2d.SunGraphics2D.drawImage(Ljava/awt/Image;IIIILjava/awt/image/ImageObserver;)Z+11
j  com.apple.laf.AquaPainter$AquaSingleImagePainter.paintFromSingleCachedImage(Ljava/awt/Graphics2D;Lapple/laf/JRSUIControl;Lapple/laf/JRSUIState;Ljava/awt/Rectangle;)V+169
j  com.apple.laf.AquaPainter$AquaSingleImagePainter.paint(Ljava/awt/Graphics2D;Lapple/laf/JRSUIState;)V+10
j  com.apple.laf.AquaPainter.paint(Ljava/awt/Graphics;Ljava/awt/Component;IIII)V+40
j  com.apple.laf.AquaButtonBorder.doButtonPaint(Ljavax/swing/AbstractButton;Ljavax/swing/ButtonModel;Ljava/awt/Graphics;IIII)V+14
j  com.apple.laf.AquaButtonBorder$Dynamic.doButtonPaint(Ljavax/swing/AbstractButton;Ljavax/swing/ButtonModel;Ljava/awt/Graphics;IIII)V+101
j  com.apple.laf.AquaButtonBorder.paintButton(Ljava/awt/Component;Ljava/awt/Graphics;IIII)V+159
j  com.apple.laf.AquaButtonUI.paint(Ljava/awt/Graphics;Ljavax/swing/JComponent;)V+149
j  javax.swing.plaf.ComponentUI.update(Ljava/awt/Graphics;Ljavax/swing/JComponent;)V+32
j  javax.swing.JComponent.paintComponent(Ljava/awt/Graphics;)V+26
j  javax.swing.JComponent.paint(Ljava/awt/Graphics;)V+286
j  javax.swing.JComponent.paintChildren(Ljava/awt/Graphics;)V+501
j  javax.swing.JComponent.paint(Ljava/awt/Graphics;)V+318
j  javax.swing.JComponent.paintToOffscreen(Ljava/awt/Graphics;IIIIII)V+41
j  javax.swing.RepaintManager$PaintManager.paintDoubleBuffered(Ljavax/swing/JComponent;Ljava/awt/Image;Ljava/awt/Graphics;IIII)V+163
j  javax.swing.RepaintManager$PaintManager.paint(Ljavax/swing/JComponent;Ljavax/swing/JComponent;Ljava/awt/Graphics;IIII)Z+116
j  javax.swing.RepaintManager.paint(Ljavax/swing/JComponent;Ljavax/swing/JComponent;Ljava/awt/Graphics;IIII)V+51
j  javax.swing.JComponent._paintImmediately(IIII)V+683
j  javax.swing.JComponent.paintImmediately(IIII)V+138
j  javax.swing.RepaintManager$4.run()Ljava/lang/Void;+81
j  javax.swing.RepaintManager$4.run()Ljava/lang/Object;+1
v  ~StubRoutines::call_stub
J 602  java.security.AccessController.doPrivileged(Ljava/security/PrivilegedAction;Ljava/security/AccessControlContext;)Ljava/lang/Object; (0 bytes) @ 0x0000000104a579e3 [0x0000000104a57980+0x63]
J 712 C1 java.security.ProtectionDomain$JavaSecurityAccessImpl.doIntersectionPrivilege(Ljava/security/PrivilegedAction;Ljava/security/AccessControlContext;Ljava/security/AccessControlContext;)Ljava/lang/Object; (22 bytes) @ 0x0000000104a8ee1c [0x0000000104a8e9a0+0x47c]
j  javax.swing.RepaintManager.paintDirtyRegions(Ljava/util/Map;)V+154
j  javax.swing.RepaintManager.paintDirtyRegions()V+46
j  javax.swing.RepaintManager.prePaintDirtyRegions()V+73
j  javax.swing.RepaintManager.access$1200(Ljavax/swing/RepaintManager;)V+1
j  javax.swing.RepaintManager$ProcessingRunnable.run()V+37
j  java.awt.event.InvocationEvent.dispatch()V+47
j  java.awt.EventQueue.dispatchEventImpl(Ljava/awt/AWTEvent;Ljava/lang/Object;)V+21
j  java.awt.EventQueue.access$500(Ljava/awt/EventQueue;Ljava/awt/AWTEvent;Ljava/lang/Object;)V+3
j  java.awt.EventQueue$3.run()Ljava/lang/Void;+32
j  java.awt.EventQueue$3.run()Ljava/lang/Object;+1
v  ~StubRoutines::call_stub
J 602  java.security.AccessController.doPrivileged(Ljava/security/PrivilegedAction;Ljava/security/AccessControlContext;)Ljava/lang/Object; (0 bytes) @ 0x0000000104a579e3 [0x0000000104a57980+0x63]
J 791 C1 java.awt.EventQueue.dispatchEvent(Ljava/awt/AWTEvent;)V (80 bytes) @ 0x0000000104ab54ac [0x0000000104ab4b00+0x9ac]
J 793 C1 java.awt.EventDispatchThread.pumpOneEventForFilters(I)V (295 bytes) @ 0x0000000104ab873c [0x0000000104ab6bc0+0x1b7c]
j  java.awt.EventDispatchThread.pumpEventsForFilter(ILjava/awt/Conditional;Ljava/awt/EventFilter;)V+35
j  java.awt.EventDispatchThread.pumpEventsForHierarchy(ILjava/awt/Conditional;Ljava/awt/Component;)V+11
j  java.awt.EventDispatchThread.pumpEvents(ILjava/awt/Conditional;)V+4
j  java.awt.EventDispatchThread.pumpEvents(Ljava/awt/Conditional;)V+3
j  java.awt.EventDispatchThread.run()V+9
v  ~StubRoutines::call_stub

---------------  P R O C E S S  ---------------

Java Threads: ( => current thread )
  0x00007fbbf356a800 JavaThread "TimerQueue" daemon [_thread_blocked, id=56351, stack(0x000000017f424000,0x000000017f524000)]
  0x00007fbbf3512000 JavaThread "DestroyJavaVM" [_thread_blocked, id=3331, stack(0x0000000103da0000,0x0000000103ea0000)]
=>0x00007fbbf2a99800 JavaThread "AWT-EventQueue-0" [_thread_in_native, id=51971, stack(0x0000000122e00000,0x0000000122f00000)]
  0x00007fbbf2a61000 JavaThread "Java2D Disposer" daemon [_thread_blocked, id=51223, stack(0x0000000121fef000,0x00000001220ef000)]
  0x00007fbbf31b8800 JavaThread "Java2D Queue Flusher" daemon [_thread_blocked, id=48907, stack(0x0000000120ff6000,0x00000001210f6000)]
  0x00007fbbf2075000 JavaThread "AWT-Shutdown" [_thread_blocked, id=28691, stack(0x000000011e233000,0x000000011e333000)]
  0x00007fbbf312e800 JavaThread "AppKit Thread" daemon [_thread_in_native, id=1811, stack(0x00007fff5c6e9000,0x00007fff5cee9000)]
  0x00007fbbf28b6800 JavaThread "Service Thread" daemon [_thread_blocked, id=18179, stack(0x000000011c4ba000,0x000000011c5ba000)]
  0x00007fbbf181b800 JavaThread "C1 CompilerThread2" daemon [_thread_blocked, id=17667, stack(0x000000011c3b7000,0x000000011c4b7000)]
  0x00007fbbf28ad800 JavaThread "C2 CompilerThread1" daemon [_thread_blocked, id=17155, stack(0x000000011c2b4000,0x000000011c3b4000)]
  0x00007fbbf1811800 JavaThread "C2 CompilerThread0" daemon [_thread_blocked, id=16643, stack(0x000000011c1b1000,0x000000011c2b1000)]
  0x00007fbbf2869800 JavaThread "Signal Dispatcher" daemon [_thread_blocked, id=13587, stack(0x000000011c0ae000,0x000000011c1ae000)]
  0x00007fbbf180d000 JavaThread "Finalizer" daemon [_thread_blocked, id=11523, stack(0x000000011a68a000,0x000000011a78a000)]
  0x00007fbbf2846800 JavaThread "Reference Handler" daemon [_thread_blocked, id=11011, stack(0x000000011a587000,0x000000011a687000)]

Other Threads:
  0x00007fbbf2845800 VMThread [stack: 0x000000011a484000,0x000000011a584000] [id=10499]
  0x00007fbbf181a800 WatcherThread [stack: 0x000000011c5bd000,0x000000011c6bd000] [id=18691]

VM state:not at safepoint (normal execution)

VM Mutex/Monitor currently owned by a thread: None

Heap:
 PSYoungGen      total 38400K, used 11335K [0x0000000795580000, 0x0000000798000000, 0x00000007c0000000)
  eden space 33280K, 34% used [0x0000000795580000,0x0000000796091f48,0x0000000797600000)
  from space 5120K, 0% used [0x0000000797b00000,0x0000000797b00000,0x0000000798000000)
  to   space 5120K, 0% used [0x0000000797600000,0x0000000797600000,0x0000000797b00000)
 ParOldGen       total 87552K, used 0K [0x0000000740000000, 0x0000000745580000, 0x0000000795580000)
  object space 87552K, 0% used [0x0000000740000000,0x0000000740000000,0x0000000745580000)
 Metaspace       used 11581K, capacity 11832K, committed 12160K, reserved 1060864K
  class space    used 1520K, capacity 1610K, committed 1664K, reserved 1048576K

Card table byte_map: [0x0000000113bc0000,0x0000000113fc1000] byte_map_base: 0x00000001101c0000

Marking Bits: (ParMarkBitMap*) 0x00000001036f4e20
 Begin Bits: [0x0000000114678000, 0x0000000116678000)
 End Bits:   [0x0000000116678000, 0x0000000118678000)

Polling page: 0x0000000103efc000

CodeCache: size=245760Kb used=2961Kb max_used=2961Kb free=242798Kb
 bounds [0x0000000104800000, 0x0000000104af0000, 0x0000000113800000]
 total_blobs=1375 nmethods=866 adapters=423
 compilation: enabled

Compilation events (10 events):
Event: 8.559 Thread 0x00007fbbf181b800 nmethod 861 0x0000000104adff90 code [0x0000000104ae0340, 0x0000000104ae2708]
Event: 8.559 Thread 0x00007fbbf181b800  862       3       sun.awt.AWTAccessor::getSequencedEventAccessor (4 bytes)
Event: 8.559 Thread 0x00007fbbf181b800 nmethod 862 0x0000000104ae3650 code [0x0000000104ae37a0, 0x0000000104ae38f0]
Event: 8.578 Thread 0x00007fbbf181b800  863       3       java.util.concurrent.locks.LockSupport::setBlocker (12 bytes)
Event: 8.578 Thread 0x00007fbbf181b800 nmethod 863 0x0000000104ae3950 code [0x0000000104ae3aa0, 0x0000000104ae3bf0]
Event: 8.761 Thread 0x00007fbbf181b800  864       3       java.util.IdentityHashMap::clear (39 bytes)
Event: 8.761 Thread 0x00007fbbf181b800 nmethod 864 0x0000000104ae3c50 code [0x0000000104ae3dc0, 0x0000000104ae4110]
Event: 8.761 Thread 0x00007fbbf181b800  866       3       sun.java2d.pipe.RenderQueue::ensureCapacityAndAlignment (13 bytes)
Event: 8.762 Thread 0x00007fbbf181b800 nmethod 866 0x0000000104ae4250 code [0x0000000104ae4400, 0x0000000104ae4b68]
Event: 8.762 Thread 0x00007fbbf181b800  865       1       sun.lwawt.LWComponentPeer::getContainerPeer (5 bytes)

GC Heap History (0 events):
No events

Deoptimization events (4 events):
Event: 2.822 Thread 0x00007fbbf2a99800 Uncommon trap: reason=class_check action=maybe_recompile pc=0x0000000104973b18 method=java.lang.String.equals(Ljava/lang/Object;)Z @ 8
Event: 2.822 Thread 0x00007fbbf2a99800 Uncommon trap: reason=class_check action=maybe_recompile pc=0x0000000104973b18 method=java.lang.String.equals(Ljava/lang/Object;)Z @ 8
Event: 3.094 Thread 0x00007fbbf2a99800 Uncommon trap: reason=class_check action=maybe_recompile pc=0x0000000104973b18 method=java.lang.String.equals(Ljava/lang/Object;)Z @ 8
Event: 3.094 Thread 0x00007fbbf2a99800 Uncommon trap: reason=class_check action=maybe_recompile pc=0x0000000104973b18 method=java.lang.String.equals(Ljava/lang/Object;)Z @ 8

Internal exceptions (10 events):
Event: 0.123 Thread 0x00007fbbf2806000 Exception <a 'java/security/PrivilegedActionException'> (0x00000007957874d0) thrown at [/Users/java_re/workspace/8-2-build-macosx-x86_64/jdk8u60/4407/hotspot/src/share/vm/prims/jvm.cpp, line 1386]
Event: 0.124 Thread 0x00007fbbf2806000 Exception <a 'java/security/PrivilegedActionException'> (0x00000007957876e0) thrown at [/Users/java_re/workspace/8-2-build-macosx-x86_64/jdk8u60/4407/hotspot/src/share/vm/prims/jvm.cpp, line 1386]
Event: 0.141 Thread 0x00007fbbf2806000 Exception <a 'java/security/PrivilegedActionException'> (0x00000007957b1870) thrown at [/Users/java_re/workspace/8-2-build-macosx-x86_64/jdk8u60/4407/hotspot/src/share/vm/prims/jvm.cpp, line 1386]
Event: 0.141 Thread 0x00007fbbf2806000 Exception <a 'java/security/PrivilegedActionException'> (0x00000007957b1a80) thrown at [/Users/java_re/workspace/8-2-build-macosx-x86_64/jdk8u60/4407/hotspot/src/share/vm/prims/jvm.cpp, line 1386]
Event: 0.141 Thread 0x00007fbbf2806000 Exception <a 'java/security/PrivilegedActionException'> (0x00000007957b4d20) thrown at [/Users/java_re/workspace/8-2-build-macosx-x86_64/jdk8u60/4407/hotspot/src/share/vm/prims/jvm.cpp, line 1386]
Event: 0.141 Thread 0x00007fbbf2806000 Exception <a 'java/security/PrivilegedActionException'> (0x00000007957b4f30) thrown at [/Users/java_re/workspace/8-2-build-macosx-x86_64/jdk8u60/4407/hotspot/src/share/vm/prims/jvm.cpp, line 1386]
Event: 0.185 Thread 0x00007fbbf2806000 Exception <a 'java/lang/NoSuchFieldError': method resolution failed> (0x00000007958841f8) thrown at [/Users/java_re/workspace/8-2-build-macosx-x86_64/jdk8u60/4407/hotspot/src/share/vm/prims/methodHandles.cpp, line 1146]
Event: 0.186 Thread 0x00007fbbf2806000 Exception <a 'java/lang/NoSuchFieldError': method resolution failed> (0x00000007958919c8) thrown at [/Users/java_re/workspace/8-2-build-macosx-x86_64/jdk8u60/4407/hotspot/src/share/vm/prims/methodHandles.cpp, line 1146]
Event: 0.372 Thread 0x00007fbbf2806000 Exception <a 'java/io/FileNotFoundException'> (0x000000079590cd60) thrown at [/Users/java_re/workspace/8-2-build-macosx-x86_64/jdk8u60/4407/hotspot/src/share/vm/prims/jni.cpp, line 709]
Event: 0.372 Thread 0x00007fbbf2806000 Exception <a 'java/io/FileNotFoundException'> (0x000000079590d8a8) thrown at [/Users/java_re/workspace/8-2-build-macosx-x86_64/jdk8u60/4407/hotspot/src/share/vm/prims/jni.cpp, line 709]

Events (10 events):
Event: 7.314 loading class javax/swing/Popup$DefaultFrame
Event: 7.314 loading class javax/swing/Popup$DefaultFrame done
Event: 7.314 loading class javax/swing/PopupFactory$HeavyWeightPopup$1
Event: 7.314 loading class java/awt/event/WindowAdapter
Event: 7.315 loading class java/awt/event/WindowAdapter done
Event: 7.315 loading class javax/swing/PopupFactory$HeavyWeightPopup$1 done
Event: 7.347 loading class javax/swing/Autoscroller
Event: 7.347 loading class javax/swing/Autoscroller done
Event: 7.347 loading class javax/swing/plaf/basic/DragRecognitionSupport
Event: 7.347 loading class javax/swing/plaf/basic/DragRecognitionSupport done


Dynamic libraries:
0x0000000002148000 	/System/Library/Frameworks/Cocoa.framework/Versions/A/Cocoa
0x0000000002148000 	/System/Library/Frameworks/Security.framework/Versions/A/Security
0x0000000002148000 	/System/Library/Frameworks/ApplicationServices.framework/Versions/A/ApplicationServices
0x0000000002148000 	/usr/lib/libz.1.dylib
0x0000000002148000 	/usr/lib/libSystem.B.dylib
0x0000000002148000 	/usr/lib/libobjc.A.dylib
0x0000000002148000 	/System/Library/Frameworks/CoreFoundation.framework/Versions/A/CoreFoundation
0x0000000002148000 	/System/Library/Frameworks/Foundation.framework/Versions/C/Foundation
0x0000000002148000 	/System/Library/Frameworks/AppKit.framework/Versions/C/AppKit
0x0000000002148000 	/System/Library/Frameworks/CoreData.framework/Versions/A/CoreData
0x0000000002148000 	/System/Library/PrivateFrameworks/RemoteViewServices.framework/Versions/A/RemoteViewServices
0x0000000002148000 	/System/Library/PrivateFrameworks/UIFoundation.framework/Versions/A/UIFoundation
0x0000000002148000 	/System/Library/Frameworks/IOSurface.framework/Versions/A/IOSurface
0x0000000002148000 	/System/Library/Frameworks/AudioToolbox.framework/Versions/A/AudioToolbox
0x0000000002148000 	/System/Library/Frameworks/AudioUnit.framework/Versions/A/AudioUnit
0x0000000002148000 	/System/Library/PrivateFrameworks/DataDetectorsCore.framework/Versions/A/DataDetectorsCore
0x0000000002148000 	/System/Library/PrivateFrameworks/DesktopServicesPriv.framework/Versions/A/DesktopServicesPriv
0x0000000002148000 	/System/Library/Frameworks/Carbon.framework/Versions/A/Frameworks/HIToolbox.framework/Versions/A/HIToolbox
0x0000000002148000 	/System/Library/Frameworks/QuartzCore.framework/Versions/A/QuartzCore
0x0000000002148000 	/System/Library/Frameworks/Carbon.framework/Versions/A/Frameworks/SpeechRecognition.framework/Versions/A/SpeechRecognition
0x0000000002148000 	/usr/lib/libauto.dylib
0x0000000002148000 	/usr/lib/libicucore.A.dylib
0x0000000002148000 	/usr/lib/libxml2.2.dylib
0x0000000002148000 	/System/Library/PrivateFrameworks/CoreUI.framework/Versions/A/CoreUI
0x0000000002148000 	/System/Library/Frameworks/CoreAudio.framework/Versions/A/CoreAudio
0x0000000002148000 	/System/Library/Frameworks/DiskArbitration.framework/Versions/A/DiskArbitration
0x0000000002148000 	/usr/lib/liblangid.dylib
0x0000000002148000 	/System/Library/PrivateFrameworks/MultitouchSupport.framework/Versions/A/MultitouchSupport
0x0000000002148000 	/System/Library/Frameworks/IOKit.framework/Versions/A/IOKit
0x0000000002148000 	/usr/lib/libDiagnosticMessagesClient.dylib
0x0000000002148000 	/System/Library/Frameworks/CoreServices.framework/Versions/A/CoreServices
0x0000000002148000 	/System/Library/PrivateFrameworks/PerformanceAnalysis.framework/Versions/A/PerformanceAnalysis
0x0000000002148000 	/System/Library/PrivateFrameworks/GenerationalStorage.framework/Versions/A/GenerationalStorage
0x0000000002148000 	/System/Library/Frameworks/OpenGL.framework/Versions/A/OpenGL
0x0000000002148000 	/System/Library/PrivateFrameworks/Sharing.framework/Versions/A/Sharing
0x0000000002148000 	/System/Library/Frameworks/CoreGraphics.framework/Versions/A/CoreGraphics
0x0000000002148000 	/System/Library/Frameworks/CoreText.framework/Versions/A/CoreText
0x0000000002148000 	/System/Library/Frameworks/ImageIO.framework/Versions/A/ImageIO
0x0000000002148000 	/usr/lib/libextension.dylib
0x0000000002148000 	/System/Library/PrivateFrameworks/Backup.framework/Versions/A/Backup
0x0000000002148000 	/usr/lib/libarchive.2.dylib
0x0000000002148000 	/System/Library/Frameworks/CFNetwork.framework/Versions/A/CFNetwork
0x0000000002148000 	/System/Library/Frameworks/SystemConfiguration.framework/Versions/A/SystemConfiguration
0x0000000002148000 	/usr/lib/libCRFSuite.dylib
0x0000000002148000 	/usr/lib/libc++.1.dylib
0x0000000002148000 	/usr/lib/libc++abi.dylib
0x0000000002148000 	/usr/lib/system/libcache.dylib
0x0000000002148000 	/usr/lib/system/libcommonCrypto.dylib
0x0000000002148000 	/usr/lib/system/libcompiler_rt.dylib
0x0000000002148000 	/usr/lib/system/libcopyfile.dylib
0x0000000002148000 	/usr/lib/system/libcorecrypto.dylib
0x0000000002148000 	/usr/lib/system/libdispatch.dylib
0x0000000002148000 	/usr/lib/system/libdyld.dylib
0x0000000002148000 	/usr/lib/system/libkeymgr.dylib
0x0000000002148000 	/usr/lib/system/liblaunch.dylib
0x0000000002148000 	/usr/lib/system/libmacho.dylib
0x0000000002148000 	/usr/lib/system/libquarantine.dylib
0x0000000002148000 	/usr/lib/system/libremovefile.dylib
0x0000000002148000 	/usr/lib/system/libsystem_asl.dylib
0x0000000002148000 	/usr/lib/system/libsystem_blocks.dylib
0x0000000002148000 	/usr/lib/system/libsystem_c.dylib
0x0000000002148000 	/usr/lib/system/libsystem_configuration.dylib
0x0000000002148000 	/usr/lib/system/libsystem_coreservices.dylib
0x0000000002148000 	/usr/lib/system/libsystem_coretls.dylib
0x0000000002148000 	/usr/lib/system/libsystem_dnssd.dylib
0x0000000002148000 	/usr/lib/system/libsystem_info.dylib
0x0000000002148000 	/usr/lib/system/libsystem_kernel.dylib
0x0000000002148000 	/usr/lib/system/libsystem_m.dylib
0x0000000002148000 	/usr/lib/system/libsystem_malloc.dylib
0x0000000002148000 	/usr/lib/system/libsystem_network.dylib
0x0000000002148000 	/usr/lib/system/libsystem_networkextension.dylib
0x0000000002148000 	/usr/lib/system/libsystem_notify.dylib
0x0000000002148000 	/usr/lib/system/libsystem_platform.dylib
0x0000000002148000 	/usr/lib/system/libsystem_pthread.dylib
0x0000000002148000 	/usr/lib/system/libsystem_sandbox.dylib
0x0000000002148000 	/usr/lib/system/libsystem_secinit.dylib
0x0000000002148000 	/usr/lib/system/libsystem_stats.dylib
0x0000000002148000 	/usr/lib/system/libsystem_trace.dylib
0x0000000002148000 	/usr/lib/system/libunc.dylib
0x0000000002148000 	/usr/lib/system/libunwind.dylib
0x0000000002148000 	/usr/lib/system/libxpc.dylib
0x0000000002148000 	/usr/lib/libbz2.1.0.dylib
0x0000000002148000 	/usr/lib/liblzma.5.dylib
0x0000000002148000 	/usr/lib/libbsm.0.dylib
0x0000000002148000 	/usr/lib/libsqlite3.dylib
0x0000000002148000 	/usr/lib/system/libkxld.dylib
0x0000000002148000 	/usr/lib/libxar.1.dylib
0x0000000002148000 	/usr/lib/libpam.2.dylib
0x0000000002148000 	/usr/lib/libOpenScriptingUtil.dylib
0x0000000002148000 	/System/Library/Frameworks/CoreServices.framework/Versions/A/Frameworks/FSEvents.framework/Versions/A/FSEvents
0x0000000002148000 	/System/Library/Frameworks/CoreServices.framework/Versions/A/Frameworks/CarbonCore.framework/Versions/A/CarbonCore
0x0000000002148000 	/System/Library/Frameworks/CoreServices.framework/Versions/A/Frameworks/Metadata.framework/Versions/A/Metadata
0x0000000002148000 	/System/Library/Frameworks/CoreServices.framework/Versions/A/Frameworks/OSServices.framework/Versions/A/OSServices
0x0000000002148000 	/System/Library/Frameworks/CoreServices.framework/Versions/A/Frameworks/SearchKit.framework/Versions/A/SearchKit
0x0000000002148000 	/System/Library/Frameworks/CoreServices.framework/Versions/A/Frameworks/AE.framework/Versions/A/AE
0x0000000002148000 	/System/Library/Frameworks/CoreServices.framework/Versions/A/Frameworks/LaunchServices.framework/Versions/A/LaunchServices
0x0000000002148000 	/System/Library/Frameworks/CoreServices.framework/Versions/A/Frameworks/DictionaryServices.framework/Versions/A/DictionaryServices
0x0000000002148000 	/System/Library/Frameworks/NetFS.framework/Versions/A/NetFS
0x0000000002148000 	/System/Library/PrivateFrameworks/NetAuth.framework/Versions/A/NetAuth
0x0000000002148000 	/System/Library/PrivateFrameworks/login.framework/Versions/A/Frameworks/loginsupport.framework/Versions/A/loginsupport
0x0000000002148000 	/System/Library/PrivateFrameworks/TCC.framework/Versions/A/TCC
0x0000000002148000 	/usr/lib/libmecabra.dylib
0x0000000002148000 	/System/Library/Frameworks/ApplicationServices.framework/Versions/A/Frameworks/ATS.framework/Versions/A/ATS
0x0000000002148000 	/System/Library/Frameworks/ApplicationServices.framework/Versions/A/Frameworks/ColorSync.framework/Versions/A/ColorSync
0x0000000002148000 	/System/Library/Frameworks/ApplicationServices.framework/Versions/A/Frameworks/HIServices.framework/Versions/A/HIServices
0x0000000002148000 	/System/Library/Frameworks/ApplicationServices.framework/Versions/A/Frameworks/LangAnalysis.framework/Versions/A/LangAnalysis
0x0000000002148000 	/System/Library/Frameworks/ApplicationServices.framework/Versions/A/Frameworks/PrintCore.framework/Versions/A/PrintCore
0x0000000002148000 	/System/Library/Frameworks/ApplicationServices.framework/Versions/A/Frameworks/QD.framework/Versions/A/QD
0x0000000002148000 	/System/Library/Frameworks/ApplicationServices.framework/Versions/A/Frameworks/SpeechSynthesis.framework/Versions/A/SpeechSynthesis
0x0000000002148000 	/System/Library/Frameworks/Accelerate.framework/Versions/A/Accelerate
0x0000000002148000 	/System/Library/Frameworks/Accelerate.framework/Versions/A/Frameworks/vImage.framework/Versions/A/vImage
0x0000000002148000 	/System/Library/Frameworks/Accelerate.framework/Versions/A/Frameworks/vecLib.framework/Versions/A/vecLib
0x0000000002148000 	/System/Library/Frameworks/Accelerate.framework/Versions/A/Frameworks/vecLib.framework/Versions/A/libvDSP.dylib
0x0000000002148000 	/System/Library/Frameworks/Accelerate.framework/Versions/A/Frameworks/vecLib.framework/Versions/A/libvMisc.dylib
0x0000000002148000 	/System/Library/Frameworks/Accelerate.framework/Versions/A/Frameworks/vecLib.framework/Versions/A/libLAPACK.dylib
0x0000000002148000 	/System/Library/Frameworks/Accelerate.framework/Versions/A/Frameworks/vecLib.framework/Versions/A/libBLAS.dylib
0x0000000002148000 	/System/Library/Frameworks/Accelerate.framework/Versions/A/Frameworks/vecLib.framework/Versions/A/libLinearAlgebra.dylib
0x0000000002148000 	/System/Library/Frameworks/ApplicationServices.framework/Versions/A/Frameworks/ATS.framework/Versions/A/Resources/libFontParser.dylib
0x0000000002148000 	/System/Library/Frameworks/ApplicationServices.framework/Versions/A/Frameworks/ATS.framework/Versions/A/Resources/libFontRegistry.dylib
0x0000000002148000 	/System/Library/PrivateFrameworks/AppleVPA.framework/Versions/A/AppleVPA
0x0000000002148000 	/System/Library/PrivateFrameworks/AppleJPEG.framework/Versions/A/AppleJPEG
0x0000000002148000 	/System/Library/Frameworks/ImageIO.framework/Versions/A/Resources/libJPEG.dylib
0x0000000002148000 	/System/Library/Frameworks/ImageIO.framework/Versions/A/Resources/libTIFF.dylib
0x0000000002148000 	/System/Library/Frameworks/ImageIO.framework/Versions/A/Resources/libPng.dylib
0x0000000002148000 	/System/Library/Frameworks/ImageIO.framework/Versions/A/Resources/libGIF.dylib
0x0000000002148000 	/System/Library/Frameworks/ImageIO.framework/Versions/A/Resources/libJP2.dylib
0x0000000002148000 	/System/Library/Frameworks/ImageIO.framework/Versions/A/Resources/libRadiance.dylib
0x0000000002148000 	/System/Library/Frameworks/CoreVideo.framework/Versions/A/CoreVideo
0x0000000002148000 	/System/Library/Frameworks/OpenGL.framework/Versions/A/Libraries/libGLU.dylib
0x0000000002148000 	/System/Library/Frameworks/OpenGL.framework/Versions/A/Libraries/libGFXShared.dylib
0x0000000002148000 	/System/Library/Frameworks/OpenGL.framework/Versions/A/Libraries/libGL.dylib
0x0000000002148000 	/System/Library/Frameworks/OpenGL.framework/Versions/A/Libraries/libGLImage.dylib
0x0000000002148000 	/System/Library/Frameworks/OpenGL.framework/Versions/A/Libraries/libCVMSPluginSupport.dylib
0x0000000002148000 	/System/Library/Frameworks/OpenGL.framework/Versions/A/Libraries/libCoreVMClient.dylib
0x0000000002148000 	/usr/lib/libcups.2.dylib
0x0000000002148000 	/System/Library/Frameworks/Kerberos.framework/Versions/A/Kerberos
0x0000000002148000 	/System/Library/Frameworks/GSS.framework/Versions/A/GSS
0x0000000002148000 	/usr/lib/libresolv.9.dylib
0x0000000002148000 	/usr/lib/libiconv.2.dylib
0x0000000002148000 	/System/Library/PrivateFrameworks/Heimdal.framework/Versions/A/Heimdal
0x0000000002148000 	/usr/lib/libheimdal-asn1.dylib
0x0000000002148000 	/System/Library/Frameworks/OpenDirectory.framework/Versions/A/OpenDirectory
0x0000000002148000 	/System/Library/PrivateFrameworks/CommonAuth.framework/Versions/A/CommonAuth
0x0000000002148000 	/System/Library/Frameworks/OpenDirectory.framework/Versions/A/Frameworks/CFOpenDirectory.framework/Versions/A/CFOpenDirectory
0x0000000002148000 	/System/Library/Frameworks/SecurityFoundation.framework/Versions/A/SecurityFoundation
0x0000000002148000 	/System/Library/PrivateFrameworks/LanguageModeling.framework/Versions/A/LanguageModeling
0x0000000002148000 	/usr/lib/libcmph.dylib
0x0000000002148000 	/System/Library/Frameworks/ServiceManagement.framework/Versions/A/ServiceManagement
0x0000000002148000 	/usr/lib/libxslt.1.dylib
0x0000000002148000 	/System/Library/Frameworks/Carbon.framework/Versions/A/Frameworks/Ink.framework/Versions/A/Ink
0x0000000002148000 	/System/Library/Frameworks/QuartzCore.framework/Versions/A/Frameworks/CoreImage.framework/Versions/A/CoreImage
0x0000000002148000 	/System/Library/PrivateFrameworks/CrashReporterSupport.framework/Versions/A/CrashReporterSupport
0x0000000002148000 	/System/Library/Frameworks/OpenCL.framework/Versions/A/OpenCL
0x0000000002148000 	/System/Library/PrivateFrameworks/FaceCore.framework/Versions/A/FaceCore
0x0000000002148000 	/System/Library/PrivateFrameworks/Ubiquity.framework/Versions/A/Ubiquity
0x0000000002148000 	/System/Library/PrivateFrameworks/IconServices.framework/Versions/A/IconServices
0x0000000002148000 	/System/Library/PrivateFrameworks/ChunkingLibrary.framework/Versions/A/ChunkingLibrary
0x0000000002148000 	/System/Library/PrivateFrameworks/Apple80211.framework/Versions/A/Apple80211
0x0000000002148000 	/System/Library/Frameworks/CoreWLAN.framework/Versions/A/CoreWLAN
0x0000000002148000 	/System/Library/Frameworks/IOBluetooth.framework/Versions/A/IOBluetooth
0x0000000002148000 	/System/Library/PrivateFrameworks/CoreWiFi.framework/Versions/A/CoreWiFi
0x0000000002148000 	/System/Library/Frameworks/CoreBluetooth.framework/Versions/A/CoreBluetooth
0x0000000002148000 	/System/Library/PrivateFrameworks/DebugSymbols.framework/Versions/A/DebugSymbols
0x0000000002148000 	/System/Library/PrivateFrameworks/CoreSymbolication.framework/Versions/A/CoreSymbolication
0x0000000002148000 	/System/Library/PrivateFrameworks/Symbolication.framework/Versions/A/Symbolication
0x0000000002148000 	/System/Library/PrivateFrameworks/SpeechRecognitionCore.framework/Versions/A/SpeechRecognitionCore
0x0000000102e16000 	/Library/Java/JavaVirtualMachines/jdk1.8.0_60.jdk/Contents/Home/jre/lib/server/libjvm.dylib
0x0000000002148000 	/usr/lib/libstdc++.6.dylib
0x0000000103eb9000 	/Library/Java/JavaVirtualMachines/jdk1.8.0_60.jdk/Contents/Home/jre/lib/libverify.dylib
0x0000000103ec7000 	/Library/Java/JavaVirtualMachines/jdk1.8.0_60.jdk/Contents/Home/jre/lib/libjava.dylib
0x0000000103f06000 	/Library/Java/JavaVirtualMachines/jdk1.8.0_60.jdk/Contents/Home/jre/lib/libzip.dylib
0x000000011a78c000 	/System/Library/Frameworks/JavaVM.framework/Frameworks/JavaRuntimeSupport.framework/JavaRuntimeSupport
0x000000011a7a7000 	/System/Library/Frameworks/JavaVM.framework/Versions/A/Frameworks/JavaNativeFoundation.framework/Versions/A/JavaNativeFoundation
0x000000011a7bc000 	/System/Library/Frameworks/JavaVM.framework/Versions/A/JavaVM
0x0000000002148000 	/System/Library/Frameworks/Carbon.framework/Versions/A/Carbon
0x000000011a7c9000 	/System/Library/PrivateFrameworks/JavaLaunching.framework/Versions/A/JavaLaunching
0x0000000002148000 	/System/Library/Frameworks/Carbon.framework/Versions/A/Frameworks/CommonPanels.framework/Versions/A/CommonPanels
0x0000000002148000 	/System/Library/Frameworks/Carbon.framework/Versions/A/Frameworks/Help.framework/Versions/A/Help
0x0000000002148000 	/System/Library/Frameworks/Carbon.framework/Versions/A/Frameworks/ImageCapture.framework/Versions/A/ImageCapture
0x0000000002148000 	/System/Library/Frameworks/Carbon.framework/Versions/A/Frameworks/OpenScripting.framework/Versions/A/OpenScripting
0x0000000002148000 	/System/Library/Frameworks/Carbon.framework/Versions/A/Frameworks/Print.framework/Versions/A/Print
0x0000000002148000 	/System/Library/Frameworks/Carbon.framework/Versions/A/Frameworks/SecurityHI.framework/Versions/A/SecurityHI
0x000000011c6fa000 	/Library/Java/JavaVirtualMachines/jdk1.8.0_60.jdk/Contents/Home/jre/lib/libawt.dylib
0x000000011c7a2000 	/Library/Java/JavaVirtualMachines/jdk1.8.0_60.jdk/Contents/Home/jre/lib/./libmlib_image.dylib
0x000000011c86e000 	/Library/Java/JavaVirtualMachines/jdk1.8.0_60.jdk/Contents/Home/jre/lib/libawt_lwawt.dylib
0x000000011c923000 	/Library/Java/JavaVirtualMachines/jdk1.8.0_60.jdk/Contents/Home/jre/lib/./libosxapp.dylib
0x0000000002148000 	/System/Library/Frameworks/ExceptionHandling.framework/Versions/A/ExceptionHandling
0x0000000002148000 	/System/Library/PrivateFrameworks/CoreServicesInternal.framework/Versions/A/CoreServicesInternal
0x0000000002148000 	/System/Library/PrivateFrameworks/CloudDocs.framework/Versions/A/CloudDocs
0x0000000002148000 	/System/Library/PrivateFrameworks/CoreDuet.framework/Versions/A/CoreDuet
0x0000000002148000 	/System/Library/Frameworks/CloudKit.framework/Versions/A/CloudKit
0x0000000002148000 	/System/Library/PrivateFrameworks/ProtocolBuffer.framework/Versions/A/ProtocolBuffer
0x0000000002148000 	/System/Library/PrivateFrameworks/CoreDuetDaemonProtocol.framework/Versions/A/CoreDuetDaemonProtocol
0x0000000002148000 	/System/Library/PrivateFrameworks/CoreDuetDebugLogging.framework/Versions/A/CoreDuetDebugLogging
0x0000000002148000 	/System/Library/PrivateFrameworks/MMCS.framework/Versions/A/MMCS
0x0000000002148000 	/System/Library/Frameworks/CoreLocation.framework/Versions/A/CoreLocation
0x0000000002148000 	/System/Library/PrivateFrameworks/ProtectedCloudStorage.framework/Versions/A/ProtectedCloudStorage
0x0000000002148000 	/System/Library/PrivateFrameworks/GeoServices.framework/Versions/A/GeoServices
0x0000000002148000 	/System/Library/Frameworks/CoreGraphics.framework/Versions/A/Resources/libCGCMS.A.dylib
0x0000000002148000 	/System/Library/Frameworks/CoreGraphics.framework/Versions/A/Resources/libRIP.A.dylib
0x0000000002148000 	/System/Library/Frameworks/CoreGraphics.framework/Versions/A/Resources/libCGXType.A.dylib
0x0000000002148000 	/System/Library/Frameworks/OpenCL.framework/Versions/A/Libraries/libcldcpuengine.dylib
0x0000000002148000 	/System/Library/PrivateFrameworks/DiskImages.framework/Versions/A/DiskImages
0x0000000002148000 	/System/Library/Frameworks/DiscRecording.framework/Versions/A/DiscRecording
0x0000000002148000 	/usr/lib/libcsfde.dylib
0x0000000002148000 	/usr/lib/libcurl.4.dylib
0x0000000002148000 	/System/Library/PrivateFrameworks/MediaKit.framework/Versions/A/MediaKit
0x0000000002148000 	/usr/lib/libCoreStorage.dylib
0x0000000002148000 	/System/Library/PrivateFrameworks/EFILogin.framework/Versions/A/EFILogin
0x0000000002148000 	/usr/lib/libutil.dylib
0x0000000002148000 	/System/Library/PrivateFrameworks/FindMyDevice.framework/Versions/A/FindMyDevice
0x0000000002148000 	/System/Library/Frameworks/LDAP.framework/Versions/A/LDAP
0x0000000002148000 	/usr/lib/libsasl2.2.dylib
0x0000000002148000 	/System/Library/PrivateFrameworks/CoreDaemon.framework/Versions/B/CoreDaemon
0x0000000002148000 	/usr/lib/libcrypto.0.9.8.dylib
0x0000000002148000 	/System/Library/PrivateFrameworks/AppleSRP.framework/Versions/A/AppleSRP
0x0000000002148000 	/System/Library/PrivateFrameworks/TrustEvaluationAgent.framework/Versions/A/TrustEvaluationAgent
0x000000011fd6f000 	cl_kernels
0x000000011fd71000 	/System/Library/Frameworks/OpenCL.framework/Versions/A/Libraries/ImageFormats/unorm8_bgra.dylib
0x000000011fd61000 	cl_kernels
0x0000000002148000 	/System/Library/PrivateFrameworks/FamilyControls.framework/Versions/A/FamilyControls
0x0000000002148000 	/System/Library/PrivateFrameworks/CommerceKit.framework/Versions/A/Frameworks/CommerceCore.framework/Versions/A/CommerceCore
0x0000000002148000 	/System/Library/PrivateFrameworks/SystemAdministration.framework/Versions/A/SystemAdministration
0x0000000002148000 	/System/Library/PrivateFrameworks/AppContainer.framework/Versions/A/AppContainer
0x0000000002148000 	/System/Library/PrivateFrameworks/SecCodeWrapper.framework/Versions/A/SecCodeWrapper
0x0000000002148000 	/System/Library/Frameworks/DirectoryService.framework/Versions/A/DirectoryService
0x0000000002148000 	/System/Library/PrivateFrameworks/LoginUIKit.framework/Versions/A/Frameworks/LoginUICore.framework/Versions/A/LoginUICore
0x0000000002148000 	/usr/lib/libodfde.dylib
0x0000000002148000 	/System/Library/Frameworks/OpenGL.framework/Versions/A/Resources/GLEngine.bundle/GLEngine
0x0000000002148000 	/System/Library/Frameworks/OpenGL.framework/Versions/A/Libraries/libGLProgrammability.dylib
0x00000001210f8000 	/System/Library/Extensions/AppleIntelBDWGraphicsGLDriver.bundle/Contents/MacOS/AppleIntelBDWGraphicsGLDriver
0x0000000002148000 	/System/Library/PrivateFrameworks/IOAccelerator.framework/Versions/A/IOAccelerator
0x0000000002148000 	/System/Library/PrivateFrameworks/GPUSupport.framework/Versions/A/Libraries/libGPUSupportMercury.dylib
0x0000000002148000 	/System/Library/Frameworks/OpenGL.framework/Versions/A/Resources/GLRendererFloat.bundle/GLRendererFloat
0x00000001220f1000 	/Library/Java/JavaVirtualMachines/jdk1.8.0_60.jdk/Contents/Home/jre/lib/libfontmanager.dylib
0x0000000122158000 	/Library/Java/JavaVirtualMachines/jdk1.8.0_60.jdk/Contents/Home/jre/lib/libosxui.dylib
0x0000000122fc7000 	/Library/Java/JavaVirtualMachines/jdk1.8.0_60.jdk/Contents/Home/jre/lib/libnet.dylib
0x0000000122fde000 	/Library/Java/JavaVirtualMachines/jdk1.8.0_60.jdk/Contents/Home/jre/lib/libnio.dylib
0x0000000002148000 	/System/Library/Frameworks/ApplicationServices.framework/Versions/A/Frameworks/ATS.framework/Versions/A/Resources/libTrueTypeScaler.dylib
0x0000000002148000 	/System/Library/Frameworks/Accelerate.framework/Versions/A/Frameworks/vImage.framework/Versions/A/Libraries/libCGInterfaces.dylib

VM Arguments:
jvm_args: -Dfile.encoding=UTF-8 
java_command: test.MainFrame －javaagent:Server/lib/lombok.jar
java_class_path (initial): /Users/herron/Desktop/circleUI/circleUIcopy/bin:/Users/herron/Desktop/circleUI/Server/lib/akka-actor_2.11-2.3.13.jar:/Users/herron/Desktop/circleUI/Server/lib/lombok.jar:/Users/herron/Desktop/circleUI/Server/lib/scala-library-2.11.5.jar:/Users/herron/Desktop/circleUI/Server/lib/typesafe-config-2.10.1.jar:/Users/herron/Desktop/circleUI/circleUIcopy/lib/CircleCommunicationService_10.12.jar:/Users/herron/Desktop/circleUI/circleUIcopy/jgoodies-forms-1.8.0.jar
Launcher Type: SUN_STANDARD

Environment Variables:
PATH=/usr/bin:/bin:/usr/sbin:/sbin
SHELL=/bin/bash

Signal Handlers:
SIGSEGV: [libjvm.dylib+0x5a6d31], sa_mask[0]=11111111011111110111111111111111, sa_flags=SA_ONSTACK|SA_RESTART|SA_SIGINFO
SIGBUS: [libjvm.dylib+0x5a6d31], sa_mask[0]=11111111011111110111111111111111, sa_flags=SA_RESTART|SA_SIGINFO
SIGFPE: [libjvm.dylib+0x480a4c], sa_mask[0]=11111111011111110111111111111111, sa_flags=SA_RESTART|SA_SIGINFO
SIGPIPE: [libjvm.dylib+0x480a4c], sa_mask[0]=11111111011111110111111111111111, sa_flags=SA_RESTART|SA_SIGINFO
SIGXFSZ: [libjvm.dylib+0x480a4c], sa_mask[0]=11111111011111110111111111111111, sa_flags=SA_RESTART|SA_SIGINFO
SIGILL: [libjvm.dylib+0x480a4c], sa_mask[0]=11111111011111110111111111111111, sa_flags=SA_RESTART|SA_SIGINFO
SIGUSR1: SIG_DFL, sa_mask[0]=00000000000000000000000000000000, sa_flags=none
SIGUSR2: [libjvm.dylib+0x48056a], sa_mask[0]=00100000000000000000000000000000, sa_flags=SA_RESTART|SA_SIGINFO
SIGHUP: [libjvm.dylib+0x47eb41], sa_mask[0]=11111111011111110111111111111111, sa_flags=SA_RESTART|SA_SIGINFO
SIGINT: [libjvm.dylib+0x47eb41], sa_mask[0]=11111111011111110111111111111111, sa_flags=SA_RESTART|SA_SIGINFO
SIGTERM: [libjvm.dylib+0x47eb41], sa_mask[0]=11111111011111110111111111111111, sa_flags=SA_RESTART|SA_SIGINFO
SIGQUIT: [libjvm.dylib+0x47eb41], sa_mask[0]=11111111011111110111111111111111, sa_flags=SA_RESTART|SA_SIGINFO


---------------  S Y S T E M  ---------------

OS:Bsduname:Darwin 14.5.0 Darwin Kernel Version 14.5.0: Tue Sep  1 21:23:09 PDT 2015; root:xnu-2782.50.1~1/RELEASE_X86_64 x86_64
rlimit: STACK 8192k, CORE 0k, NPROC 709, NOFILE 10240, AS infinity
load average:2.04 2.30 2.31

CPU:total 4 (2 cores per cpu, 2 threads per core) family 6 model 61 stepping 4, cmov, cx8, fxsr, mmx, sse, sse2, sse3, ssse3, sse4.1, sse4.2, popcnt, avx, avx2, aes, clmul, erms, 3dnowpref, lzcnt, ht, tsc, tscinvbit, bmi1, bmi2, adx

Memory: 4k page, physical 8388608k(35012k free)

/proc/meminfo:


vm_info: Java HotSpot(TM) 64-Bit Server VM (25.60-b23) for bsd-amd64 JRE (1.8.0_60-b27), built on Aug  4 2015 10:47:24 by "java_re" with gcc 4.2.1 (Based on Apple Inc. build 5658) (LLVM build 2336.11.00)

time: Sun Oct 25 17:51:02 2015
elapsed time: 8 seconds (0d 0h 0m 8s)

